<?xml version="1.0" encoding="UTF-8"?>
<!-- Generated by org.testng.reporters.JUnitXMLReporter -->
<testsuite hostname="LAPTOP-BS7KHRRT" ignored="0" name="Web Tests" tests="9" failures="0" timestamp="2022-06-11T12:25:59 IDT" time="163.795" errors="0">
  <testcase name="test01_verifyLogo" time="0.421" classname="sanity.MetricConversionsWeb"/>
  <testcase name="test02_verifyCrossroadButton" time="2.884" classname="sanity.MetricConversionsWeb"/>
  <testcase name="test03_selectLanguage" time="54.363" classname="sanity.MetricConversionsWeb"/>
  <testcase name="test04_convertTemperature" time="9.622" classname="sanity.MetricConversionsWeb"/>
  <testcase name="test05_convertLength" time="8.644" classname="sanity.MetricConversionsWeb"/>
  <testcase name="test06_calculateBMI" time="8.948" classname="sanity.MetricConversionsWeb"/>
  <testcase name="test06_calculateBMI" time="7.622" classname="sanity.MetricConversionsWeb"/>
  <testcase name="test06_calculateBMI" time="7.888" classname="sanity.MetricConversionsWeb"/>
  <testcase name="test06_calculateBMI" time="9.189" classname="sanity.MetricConversionsWeb"/>
</testsuite> <!-- Web Tests -->
