<?xml version="1.0" encoding="UTF-8"?>
<!-- Generated by org.testng.reporters.JUnitXMLReporter -->
<testsuite hostname="LAPTOP-BS7KHRRT" ignored="1" name="Electron Tests" tests="2" failures="0" timestamp="2022-06-11T12:23:00 IDT" time="23.273" errors="0">
  <testcase name="test01_addTaskAndVerify" time="1.169" classname="sanity.TodolistElectron"/>
  <testcase name="test02_validateClipboardContainsTasks" time="0.994" classname="sanity.TodolistElectron"/>
  <testcase name="test03_CompleteTasks" time="0.0" classname="sanity.TodolistElectron">
    <ignored/>
  </testcase> <!-- test03_CompleteTasks -->
</testsuite> <!-- Electron Tests -->
